18:39:54. main() Recv histograms
18:39:54. recv_histograms() Reading histograms 3 count
18:39:54. recv_histograms() Reading histogram #0
18:39:54. recv_histograms() r packet_data_t bytes=24
18:39:54. recv_histograms() readed packet: type=0, size=12000, src_nodeid=2
18:39:54. recv_histograms() r histogram->array bytes=12000
18:39:54. recv_histograms() Reading histogram #1
18:39:55. recv_histograms() r packet_data_t bytes=24
18:39:55. recv_histograms() readed packet: type=0, size=12000, src_nodeid=4
18:39:55. recv_histograms() r histogram->array bytes=12000
18:39:55. recv_histograms() Reading histogram #2
18:39:55. recv_histograms() r packet_data_t bytes=24
18:39:55. recv_histograms() readed packet: type=0, size=12000, src_nodeid=3
18:39:55. recv_histograms() r histogram->array bytes=12000
18:39:55. recv_histograms() Hitograms ok
18:39:55. main() Recv histograms OK
18:39:55. print_histogram() [5233]=[0, 999), 
18:39:55. print_histogram() [2204974]=[1000, 1999), 
18:39:55. print_histogram() [4387313]=[2000, 2999), 
18:39:55. print_histogram() [6326198]=[3000, 3999), 
18:39:55. print_histogram() [8510691]=[4000, 4999), 
18:39:55. print_histogram() [10774064]=[5000, 5999), 
18:39:55. print_histogram() [12962924]=[6000, 6999), 
18:39:55. print_histogram() [15181090]=[7000, 7999), 
18:39:55. print_histogram() [17386366]=[8000, 8999), 
18:39:55. print_histogram() [19539262]=[9000, 9999), 
18:39:55. print_histogram() [21729528]=[10000, 10999), 
18:39:55. print_histogram() [23925060]=[11000, 11999), 
18:39:55. print_histogram() [26099047]=[12000, 12999), 
18:39:55. print_histogram() [28352192]=[13000, 13999), 
18:39:55. print_histogram() [30508953]=[14000, 14999), 
18:39:55. print_histogram() [32644503]=[15000, 15999), 
18:39:55. print_histogram() [34665423]=[16000, 16999), 
18:39:55. print_histogram() [36770096]=[17000, 17999), 
18:39:55. print_histogram() [38930452]=[18000, 18999), 
18:39:55. print_histogram() [41094617]=[19000, 19999), 
18:39:55. print_histogram() [43198822]=[20000, 20999), 
18:39:55. print_histogram() [45184325]=[21000, 21999), 
18:39:55. print_histogram() [47313083]=[22000, 22999), 
18:39:55. print_histogram() [49432563]=[23000, 23999), 
18:39:55. print_histogram() [51611520]=[24000, 24999), 
18:39:55. print_histogram() [53751952]=[25000, 25999), 
18:39:55. print_histogram() [55912986]=[26000, 26999), 
18:39:55. print_histogram() [58067642]=[27000, 27999), 
18:39:55. print_histogram() [60188306]=[28000, 28999), 
18:39:55. print_histogram() [62364598]=[29000, 29999), 
18:39:55. print_histogram() [64470312]=[30000, 30999), 
18:39:55. print_histogram() [66555700]=[31000, 31999), 
18:39:55. print_histogram() [68511214]=[32000, 32999), 
18:39:55. print_histogram() [70747907]=[33000, 33999), 
18:39:55. print_histogram() [72924006]=[34000, 34999), 
18:39:55. print_histogram() [75165085]=[35000, 35999), 
18:39:55. print_histogram() [77288733]=[36000, 36999), 
18:39:55. print_histogram() [79618488]=[37000, 37999), 
18:39:55. print_histogram() [81695291]=[38000, 38999), 
18:39:55. print_histogram() [83844186]=[39000, 39999), 
18:39:55. print_histogram() [86031045]=[40000, 40999), 
18:39:55. print_histogram() [88131378]=[41000, 41999), 
18:39:55. print_histogram() [90265499]=[42000, 42999), 
18:39:55. print_histogram() [92408890]=[43000, 43999), 
18:39:55. print_histogram() [94560956]=[44000, 44999), 
18:39:55. print_histogram() [96869235]=[45000, 45999), 
18:39:55. print_histogram() [99027706]=[46000, 46999), 
18:39:55. print_histogram() [101201865]=[47000, 47999), 
18:39:55. print_histogram() [103395753]=[48000, 48999), 
18:39:55. print_histogram() [105515046]=[49000, 49999), 
18:39:55. print_histogram() [107834347]=[50000, 50999), 
18:39:55. print_histogram() [110045882]=[51000, 51999), 
18:39:55. print_histogram() [112298127]=[52000, 52999), 
18:39:55. print_histogram() [114587744]=[53000, 53999), 
18:39:55. print_histogram() [116633260]=[54000, 54999), 
18:39:55. print_histogram() [118755128]=[55000, 55999), 
18:39:55. print_histogram() [120927022]=[56000, 56999), 
18:39:55. print_histogram() [123091581]=[57000, 57999), 
18:39:55. print_histogram() [125225258]=[58000, 58999), 
18:39:55. print_histogram() [127453106]=[59000, 59999), 
18:39:55. print_histogram() [129657030]=[60000, 60999), 
18:39:55. print_histogram() [131709551]=[61000, 61999), 
18:39:55. print_histogram() [133925109]=[62000, 62999), 
18:39:55. print_histogram() [136074609]=[63000, 63999), 
18:39:55. print_histogram() [138178344]=[64000, 64999), 
18:39:55. print_histogram() [140316957]=[65000, 65999), 
18:39:55. print_histogram() [142489382]=[66000, 66999), 
18:39:55. print_histogram() [144607054]=[67000, 67999), 
18:39:55. print_histogram() [146823790]=[68000, 68999), 
18:39:55. print_histogram() [148958190]=[69000, 69999), 
18:39:55. print_histogram() [150961075]=[70000, 70999), 
18:39:55. print_histogram() [153096940]=[71000, 71999), 
18:39:55. print_histogram() [155190106]=[72000, 72999), 
18:39:55. print_histogram() [157245224]=[73000, 73999), 
18:39:55. print_histogram() [159377848]=[74000, 74999), 
18:39:55. print_histogram() [161482667]=[75000, 75999), 
18:39:55. print_histogram() [163694452]=[76000, 76999), 
18:39:55. print_histogram() [165743176]=[77000, 77999), 
18:39:55. print_histogram() [168101299]=[78000, 78999), 
18:39:55. print_histogram() [170277683]=[79000, 79999), 
18:39:55. print_histogram() [172355488]=[80000, 80999), 
18:39:55. print_histogram() [174528236]=[81000, 81999), 
18:39:55. print_histogram() [176886615]=[82000, 82999), 
18:39:55. print_histogram() [179020925]=[83000, 83999), 
18:39:55. print_histogram() [181112344]=[84000, 84999), 
18:39:55. print_histogram() [183322347]=[85000, 85999), 
18:39:55. print_histogram() [185469954]=[86000, 86999), 
18:39:55. print_histogram() [187550824]=[87000, 87999), 
18:39:55. print_histogram() [189532274]=[88000, 88999), 
18:39:55. print_histogram() [191650858]=[89000, 89999), 
18:39:55. print_histogram() [193903539]=[90000, 90999), 
18:39:55. print_histogram() [196050540]=[91000, 91999), 
18:39:55. print_histogram() [198339319]=[92000, 92999), 
18:39:55. print_histogram() [200385629]=[93000, 93999), 
18:39:55. print_histogram() [202576536]=[94000, 94999), 
18:39:55. print_histogram() [204835026]=[95000, 95999), 
18:39:55. print_histogram() [206917518]=[96000, 96999), 
18:39:55. print_histogram() [209145347]=[97000, 97999), 
18:39:55. print_histogram() [211232652]=[98000, 98999), 
18:39:55. print_histogram() [213206409]=[99000, 99999), 
18:39:55. print_histogram() [215267663]=[100000, 100999), 
18:39:55. print_histogram() [217495486]=[101000, 101999), 
18:39:55. print_histogram() [219647679]=[102000, 102999), 
18:39:55. print_histogram() [221844280]=[103000, 103999), 
18:39:55. print_histogram() [224045232]=[104000, 104999), 
18:39:55. print_histogram() [226165656]=[105000, 105999), 
18:39:55. print_histogram() [228280343]=[106000, 106999), 
18:39:55. print_histogram() [230434007]=[107000, 107999), 
18:39:55. print_histogram() [232633855]=[108000, 108999), 
18:39:55. print_histogram() [234853533]=[109000, 109999), 
18:39:55. print_histogram() [236979783]=[110000, 110999), 
18:39:55. print_histogram() [239083904]=[111000, 111999), 
18:39:55. print_histogram() [241207005]=[112000, 112999), 
18:39:55. print_histogram() [243394816]=[113000, 113999), 
18:39:55. print_histogram() [245646253]=[114000, 114999), 
18:39:55. print_histogram() [247886092]=[115000, 115999), 
18:39:55. print_histogram() [250073171]=[116000, 116999), 
18:39:55. print_histogram() [252278691]=[117000, 117999), 
18:39:55. print_histogram() [254474769]=[118000, 118999), 
18:39:55. print_histogram() [256542264]=[119000, 119999), 
18:39:55. print_histogram() [258676374]=[120000, 120999), 
18:39:55. print_histogram() [260782110]=[121000, 121999), 
18:39:55. print_histogram() [262994525]=[122000, 122999), 
18:39:55. print_histogram() [265187670]=[123000, 123999), 
18:39:55. print_histogram() [267310619]=[124000, 124999), 
18:39:55. print_histogram() [269492103]=[125000, 125999), 
18:39:55. print_histogram() [271587305]=[126000, 126999), 
18:39:55. print_histogram() [273676128]=[127000, 127999), 
18:39:55. print_histogram() [275852623]=[128000, 128999), 
18:39:55. print_histogram() [277970667]=[129000, 129999), 
18:39:55. print_histogram() [280028089]=[130000, 130999), 
18:39:55. print_histogram() [282132313]=[131000, 131999), 
18:39:55. print_histogram() [284263587]=[132000, 132999), 
18:39:55. print_histogram() [286484049]=[133000, 133999), 
18:39:55. print_histogram() [288792918]=[134000, 134999), 
18:39:55. print_histogram() [290862855]=[135000, 135999), 
18:39:55. print_histogram() [293102458]=[136000, 136999), 
18:39:55. print_histogram() [295200131]=[137000, 137999), 
18:39:55. print_histogram() [297365598]=[138000, 138999), 
18:39:55. print_histogram() [299429968]=[139000, 139999), 
18:39:55. print_histogram() [301549380]=[140000, 140999), 
18:39:55. print_histogram() [303800093]=[141000, 141999), 
18:39:55. print_histogram() [305985383]=[142000, 142999), 
18:39:55. print_histogram() [308008035]=[143000, 143999), 
18:39:55. print_histogram() [310144426]=[144000, 144999), 
18:39:55. print_histogram() [312342679]=[145000, 145999), 
18:39:55. print_histogram() [314506810]=[146000, 146999), 
18:39:55. print_histogram() [316627844]=[147000, 147999), 
18:39:55. print_histogram() [318855794]=[148000, 148999), 
18:39:55. print_histogram() [321010012]=[149000, 149999), 
18:39:55. print_histogram() [323112934]=[150000, 150999), 
18:39:55. print_histogram() [325223058]=[151000, 151999), 
18:39:55. print_histogram() [327303102]=[152000, 152999), 
18:39:55. print_histogram() [329510006]=[153000, 153999), 
18:39:55. print_histogram() [331735697]=[154000, 154999), 
18:39:55. print_histogram() [333930534]=[155000, 155999), 
18:39:55. print_histogram() [336114151]=[156000, 156999), 
18:39:55. print_histogram() [338302880]=[157000, 157999), 
18:39:55. print_histogram() [340445006]=[158000, 158999), 
18:39:55. print_histogram() [342570544]=[159000, 159999), 
18:39:55. print_histogram() [344719271]=[160000, 160999), 
18:39:55. print_histogram() [346831174]=[161000, 161999), 
18:39:55. print_histogram() [349053270]=[162000, 162999), 
18:39:55. print_histogram() [351061520]=[163000, 163999), 
18:39:55. print_histogram() [353164138]=[164000, 164999), 
18:39:55. print_histogram() [355242648]=[165000, 165999), 
18:39:55. print_histogram() [357451491]=[166000, 166999), 
18:39:55. print_histogram() [359633603]=[167000, 167999), 
18:39:55. print_histogram() [361628075]=[168000, 168999), 
18:39:55. print_histogram() [364051023]=[169000, 169999), 
18:39:55. print_histogram() [366190383]=[170000, 170999), 
18:39:55. print_histogram() [368465817]=[171000, 171999), 
18:39:55. print_histogram() [370597445]=[172000, 172999), 
18:39:55. print_histogram() [372736763]=[173000, 173999), 
18:39:55. print_histogram() [374985273]=[174000, 174999), 
18:39:55. print_histogram() [377154365]=[175000, 175999), 
18:39:55. print_histogram() [379325352]=[176000, 176999), 
18:39:55. print_histogram() [381515782]=[177000, 177999), 
18:39:55. print_histogram() [383622369]=[178000, 178999), 
18:39:55. print_histogram() [385839555]=[179000, 179999), 
18:39:55. print_histogram() [388004546]=[180000, 180999), 
18:39:55. print_histogram() [390198299]=[181000, 181999), 
18:39:55. print_histogram() [392378421]=[182000, 182999), 
18:39:55. print_histogram() [394676658]=[183000, 183999), 
18:39:55. print_histogram() [396903397]=[184000, 184999), 
18:39:55. print_histogram() [399041782]=[185000, 185999), 
18:39:55. print_histogram() [401218803]=[186000, 186999), 
18:39:55. print_histogram() [403411707]=[187000, 187999), 
18:39:55. print_histogram() [405444229]=[188000, 188999), 
18:39:55. print_histogram() [407601506]=[189000, 189999), 
18:39:55. print_histogram() [409722886]=[190000, 190999), 
18:39:55. print_histogram() [411828452]=[191000, 191999), 
18:39:55. print_histogram() [413966051]=[192000, 192999), 
18:39:55. print_histogram() [416066433]=[193000, 193999), 
18:39:55. print_histogram() [418221819]=[194000, 194999), 
18:39:55. print_histogram() [420428681]=[195000, 195999), 
18:39:55. print_histogram() [422579220]=[196000, 196999), 
18:39:55. print_histogram() [424694611]=[197000, 197999), 
18:39:55. print_histogram() [426877547]=[198000, 198999), 
18:39:55. print_histogram() [429208664]=[199000, 199999), 
18:39:55. print_histogram() [431309042]=[200000, 200999), 
18:39:55. print_histogram() [433557936]=[201000, 201999), 
18:39:55. print_histogram() [435663161]=[202000, 202999), 
18:39:55. print_histogram() [437853480]=[203000, 203999), 
18:39:55. print_histogram() [440075901]=[204000, 204999), 
18:39:55. print_histogram() [442065043]=[205000, 205999), 
18:39:55. print_histogram() [444266450]=[206000, 206999), 
18:39:55. print_histogram() [446404238]=[207000, 207999), 
18:39:55. print_histogram() [448529853]=[208000, 208999), 
18:39:55. print_histogram() [450701289]=[209000, 209999), 
18:39:55. print_histogram() [452847241]=[210000, 210999), 
18:39:55. print_histogram() [455126005]=[211000, 211999), 
18:39:55. print_histogram() [457177072]=[212000, 212999), 
18:39:55. print_histogram() [459302153]=[213000, 213999), 
18:39:55. print_histogram() [461463300]=[214000, 214999), 
18:39:55. print_histogram() [463650281]=[215000, 215999), 
18:39:55. print_histogram() [465706091]=[216000, 216999), 
18:39:55. print_histogram() [467890335]=[217000, 217999), 
18:39:55. print_histogram() [469982876]=[218000, 218999), 
18:39:55. print_histogram() [472076438]=[219000, 219999), 
18:39:55. print_histogram() [474157898]=[220000, 220999), 
18:39:55. print_histogram() [476322393]=[221000, 221999), 
18:39:55. print_histogram() [478540258]=[222000, 222999), 
18:39:55. print_histogram() [480674701]=[223000, 223999), 
18:39:55. print_histogram() [482856332]=[224000, 224999), 
18:39:55. print_histogram() [484988280]=[225000, 225999), 
18:39:55. print_histogram() [487108776]=[226000, 226999), 
18:39:55. print_histogram() [489275017]=[227000, 227999), 
18:39:55. print_histogram() [491448531]=[228000, 228999), 
18:39:55. print_histogram() [493506542]=[229000, 229999), 
18:39:55. print_histogram() [495633859]=[230000, 230999), 
18:39:55. print_histogram() [497809166]=[231000, 231999), 
18:39:55. print_histogram() [500006389]=[232000, 232999), 
18:39:55. print_histogram() [502222897]=[233000, 233999), 
18:39:55. print_histogram() [504322590]=[234000, 234999), 
18:39:55. print_histogram() [506331917]=[235000, 235999), 
18:39:55. print_histogram() [508484176]=[236000, 236999), 
18:39:55. print_histogram() [510482179]=[237000, 237999), 
18:39:55. print_histogram() [512652448]=[238000, 238999), 
18:39:55. print_histogram() [514721038]=[239000, 239999), 
18:39:55. print_histogram() [516795290]=[240000, 240999), 
18:39:55. print_histogram() [519006036]=[241000, 241999), 
18:39:55. print_histogram() [521160662]=[242000, 242999), 
18:39:55. print_histogram() [523372424]=[243000, 243999), 
18:39:55. print_histogram() [525584485]=[244000, 244999), 
18:39:55. print_histogram() [527629512]=[245000, 245999), 
18:39:55. print_histogram() [529761074]=[246000, 246999), 
18:39:55. print_histogram() [531967182]=[247000, 247999), 
18:39:55. print_histogram() [534114444]=[248000, 248999), 
18:39:55. print_histogram() [536354944]=[249000, 249999), 
18:39:55. print_histogram() [538508045]=[250000, 250999), 
18:39:55. print_histogram() [540813023]=[251000, 251999), 
18:39:55. print_histogram() [542978133]=[252000, 252999), 
18:39:55. print_histogram() [545017933]=[253000, 253999), 
18:39:55. print_histogram() [547042778]=[254000, 254999), 
18:39:55. print_histogram() [549257817]=[255000, 255999), 
18:39:55. print_histogram() [551405514]=[256000, 256999), 
18:39:55. print_histogram() [553486617]=[257000, 257999), 
18:39:55. print_histogram() [555578627]=[258000, 258999), 
18:39:55. print_histogram() [557690272]=[259000, 259999), 
18:39:55. print_histogram() [559739039]=[260000, 260999), 
18:39:55. print_histogram() [561820080]=[261000, 261999), 
18:39:55. print_histogram() [563966880]=[262000, 262999), 
18:39:55. print_histogram() [566101545]=[263000, 263999), 
18:39:55. print_histogram() [568279213]=[264000, 264999), 
18:39:55. print_histogram() [570423307]=[265000, 265999), 
18:39:55. print_histogram() [572578678]=[266000, 266999), 
18:39:55. print_histogram() [574746647]=[267000, 267999), 
18:39:55. print_histogram() [576952969]=[268000, 268999), 
18:39:55. print_histogram() [579018165]=[269000, 269999), 
18:39:55. print_histogram() [581106012]=[270000, 270999), 
18:39:55. print_histogram() [583295871]=[271000, 271999), 
18:39:55. print_histogram() [585557065]=[272000, 272999), 
18:39:55. print_histogram() [587695154]=[273000, 273999), 
18:39:55. print_histogram() [589921425]=[274000, 274999), 
18:39:55. print_histogram() [592068530]=[275000, 275999), 
18:39:55. print_histogram() [594118766]=[276000, 276999), 
18:39:55. print_histogram() [596267161]=[277000, 277999), 
18:39:55. print_histogram() [598441110]=[278000, 278999), 
18:39:55. print_histogram() [600531689]=[279000, 279999), 
18:39:55. print_histogram() [602673052]=[280000, 280999), 
18:39:55. print_histogram() [604851911]=[281000, 281999), 
18:39:55. print_histogram() [606896982]=[282000, 282999), 
18:39:55. print_histogram() [609153813]=[283000, 283999), 
18:39:55. print_histogram() [611355717]=[284000, 284999), 
18:39:55. print_histogram() [613541444]=[285000, 285999), 
18:39:55. print_histogram() [615734293]=[286000, 286999), 
18:39:55. print_histogram() [617878901]=[287000, 287999), 
18:39:55. print_histogram() [619915483]=[288000, 288999), 
18:39:55. print_histogram() [621987934]=[289000, 289999), 
18:39:55. print_histogram() [624052404]=[290000, 290999), 
18:39:55. print_histogram() [626243852]=[291000, 291999), 
18:39:55. print_histogram() [628404493]=[292000, 292999), 
18:39:55. print_histogram() [630663255]=[293000, 293999), 
18:39:55. print_histogram() [632824128]=[294000, 294999), 
18:39:55. print_histogram() [634961518]=[295000, 295999), 
18:39:55. print_histogram() [637117518]=[296000, 296999), 
18:39:55. print_histogram() [639293226]=[297000, 297999), 
18:39:55. print_histogram() [641480933]=[298000, 298999), 
18:39:55. print_histogram() [643633026]=[299000, 299999), 
18:39:55. print_histogram() [645753833]=[300000, 300999), 
18:39:55. print_histogram() [647951998]=[301000, 301999), 
18:39:55. print_histogram() [650092806]=[302000, 302999), 
18:39:55. print_histogram() [652207127]=[303000, 303999), 
18:39:55. print_histogram() [654357734]=[304000, 304999), 
18:39:55. print_histogram() [656455020]=[305000, 305999), 
18:39:55. print_histogram() [658605817]=[306000, 306999), 
18:39:55. print_histogram() [660691202]=[307000, 307999), 
18:39:55. print_histogram() [662815440]=[308000, 308999), 
18:39:55. print_histogram() [664867714]=[309000, 309999), 
18:39:55. print_histogram() [667099839]=[310000, 310999), 
18:39:55. print_histogram() [669270056]=[311000, 311999), 
18:39:55. print_histogram() [671412560]=[312000, 312999), 
18:39:55. print_histogram() [673524659]=[313000, 313999), 
18:39:55. print_histogram() [675658533]=[314000, 314999), 
18:39:55. print_histogram() [677793655]=[315000, 315999), 
18:39:55. print_histogram() [680105459]=[316000, 316999), 
18:39:55. print_histogram() [682134334]=[317000, 317999), 
18:39:55. print_histogram() [684189852]=[318000, 318999), 
18:39:55. print_histogram() [686244392]=[319000, 319999), 
18:39:55. print_histogram() [688441663]=[320000, 320999), 
18:39:55. print_histogram() [690661291]=[321000, 321999), 
18:39:55. print_histogram() [692806121]=[322000, 322999), 
18:39:55. print_histogram() [694927060]=[323000, 323999), 
18:39:55. print_histogram() [697066051]=[324000, 324999), 
18:39:55. print_histogram() [699243919]=[325000, 325999), 
18:39:55. print_histogram() [701426820]=[326000, 326999), 
18:39:55. print_histogram() [703635763]=[327000, 327999), 
18:39:55. print_histogram() [705834069]=[328000, 328999), 
18:39:55. print_histogram() [708063631]=[329000, 329999), 
18:39:55. print_histogram() [710321986]=[330000, 330999), 
18:39:55. print_histogram() [712282971]=[331000, 331999), 
18:39:55. print_histogram() [714391309]=[332000, 332999), 
18:39:55. print_histogram() [716546324]=[333000, 333999), 
18:39:55. print_histogram() [718783773]=[334000, 334999), 
18:39:55. print_histogram() [720917832]=[335000, 335999), 
18:39:55. print_histogram() [723114783]=[336000, 336999), 
18:39:55. print_histogram() [725299788]=[337000, 337999), 
18:39:55. print_histogram() [727517855]=[338000, 338999), 
18:39:55. print_histogram() [729623487]=[339000, 339999), 
18:39:55. print_histogram() [731700566]=[340000, 340999), 
18:39:55. print_histogram() [733760476]=[341000, 341999), 
18:39:55. print_histogram() [735880171]=[342000, 342999), 
18:39:55. print_histogram() [738116906]=[343000, 343999), 
18:39:55. print_histogram() [740217950]=[344000, 344999), 
18:39:55. print_histogram() [742238181]=[345000, 345999), 
18:39:55. print_histogram() [744368781]=[346000, 346999), 
18:39:55. print_histogram() [746433810]=[347000, 347999), 
18:39:55. print_histogram() [748592193]=[348000, 348999), 
18:39:55. print_histogram() [750732531]=[349000, 349999), 
18:39:55. print_histogram() [752897771]=[350000, 350999), 
18:39:55. print_histogram() [755051880]=[351000, 351999), 
18:39:55. print_histogram() [757238633]=[352000, 352999), 
18:39:55. print_histogram() [759339887]=[353000, 353999), 
18:39:55. print_histogram() [761507505]=[354000, 354999), 
18:39:55. print_histogram() [763581378]=[355000, 355999), 
18:39:55. print_histogram() [765816847]=[356000, 356999), 
18:39:55. print_histogram() [767903117]=[357000, 357999), 
18:39:55. print_histogram() [770058193]=[358000, 358999), 
18:39:55. print_histogram() [772211161]=[359000, 359999), 
18:39:55. print_histogram() [774340212]=[360000, 360999), 
18:39:55. print_histogram() [776524025]=[361000, 361999), 
18:39:55. print_histogram() [778582911]=[362000, 362999), 
18:39:55. print_histogram() [780583750]=[363000, 363999), 
18:39:55. print_histogram() [782883787]=[364000, 364999), 
18:39:55. print_histogram() [784989546]=[365000, 365999), 
18:39:55. print_histogram() [787043126]=[366000, 366999), 
18:39:55. print_histogram() [789229240]=[367000, 367999), 
18:39:55. print_histogram() [791521647]=[368000, 368999), 
18:39:55. print_histogram() [793713832]=[369000, 369999), 
18:39:55. print_histogram() [795707526]=[370000, 370999), 
18:39:55. print_histogram() [797900012]=[371000, 371999), 
18:39:55. print_histogram() [800073660]=[372000, 372999), 
18:39:55. print_histogram() [802223789]=[373000, 373999), 
18:39:55. print_histogram() [804379002]=[374000, 374999), 
18:39:55. print_histogram() [806421371]=[375000, 375999), 
18:39:55. print_histogram() [808728183]=[376000, 376999), 
18:39:55. print_histogram() [810845013]=[377000, 377999), 
18:39:55. print_histogram() [812928774]=[378000, 378999), 
18:39:55. print_histogram() [815002660]=[379000, 379999), 
18:39:55. print_histogram() [817065166]=[380000, 380999), 
18:39:55. print_histogram() [819193707]=[381000, 381999), 
18:39:55. print_histogram() [821358748]=[382000, 382999), 
18:39:55. print_histogram() [823523725]=[383000, 383999), 
18:39:55. print_histogram() [825658935]=[384000, 384999), 
18:39:55. print_histogram() [827738904]=[385000, 385999), 
18:39:55. print_histogram() [829861746]=[386000, 386999), 
18:39:55. print_histogram() [831872301]=[387000, 387999), 
18:39:55. print_histogram() [834098158]=[388000, 388999), 
18:39:55. print_histogram() [836264751]=[389000, 389999), 
18:39:55. print_histogram() [838439246]=[390000, 390999), 
18:39:55. print_histogram() [840608717]=[391000, 391999), 
18:39:55. print_histogram() [842738826]=[392000, 392999), 
18:39:55. print_histogram() [845063042]=[393000, 393999), 
18:39:55. print_histogram() [847233872]=[394000, 394999), 
18:39:55. print_histogram() [849469611]=[395000, 395999), 
18:39:55. print_histogram() [851600046]=[396000, 396999), 
18:39:55. print_histogram() [853755723]=[397000, 397999), 
18:39:55. print_histogram() [855924162]=[398000, 398999), 
18:39:55. print_histogram() [858052918]=[399000, 399999), 
18:39:55. print_histogram() [860201188]=[400000, 400999), 
18:39:55. print_histogram() [862361373]=[401000, 401999), 
18:39:55. print_histogram() [864503708]=[402000, 402999), 
18:39:55. print_histogram() [866591255]=[403000, 403999), 
18:39:55. print_histogram() [868758816]=[404000, 404999), 
18:39:55. print_histogram() [870823265]=[405000, 405999), 
18:39:55. print_histogram() [872983365]=[406000, 406999), 
18:39:55. print_histogram() [875159827]=[407000, 407999), 
18:39:55. print_histogram() [877301719]=[408000, 408999), 
18:39:55. print_histogram() [879549920]=[409000, 409999), 
18:39:55. print_histogram() [881449678]=[410000, 410999), 
18:39:55. print_histogram() [883586380]=[411000, 411999), 
18:39:55. print_histogram() [885812912]=[412000, 412999), 
18:39:55. print_histogram() [887955745]=[413000, 413999), 
18:39:55. print_histogram() [890112852]=[414000, 414999), 
18:39:55. print_histogram() [892197166]=[415000, 415999), 
18:39:55. print_histogram() [894446597]=[416000, 416999), 
18:39:55. print_histogram() [896530870]=[417000, 417999), 
18:39:55. print_histogram() [898589935]=[418000, 418999), 
18:39:55. print_histogram() [900681181]=[419000, 419999), 
18:39:55. print_histogram() [902907369]=[420000, 420999), 
18:39:55. print_histogram() [905105024]=[421000, 421999), 
18:39:55. print_histogram() [907234022]=[422000, 422999), 
18:39:55. print_histogram() [909379509]=[423000, 423999), 
18:39:55. print_histogram() [911558267]=[424000, 424999), 
18:39:55. print_histogram() [913781701]=[425000, 425999), 
18:39:55. print_histogram() [915913438]=[426000, 426999), 
18:39:55. print_histogram() [918124880]=[427000, 427999), 
18:39:55. print_histogram() [920233062]=[428000, 428999), 
18:39:55. print_histogram() [922349364]=[429000, 429999), 
18:39:55. print_histogram() [924512927]=[430000, 430999), 
18:39:55. print_histogram() [926571351]=[431000, 431999), 
18:39:55. print_histogram() [928763347]=[432000, 432999), 
18:39:55. print_histogram() [931074448]=[433000, 433999), 
18:39:55. print_histogram() [933074420]=[434000, 434999), 
18:39:55. print_histogram() [935240081]=[435000, 435999), 
18:39:55. print_histogram() [937397976]=[436000, 436999), 
18:39:55. print_histogram() [939461261]=[437000, 437999), 
18:39:55. print_histogram() [941631436]=[438000, 438999), 
18:39:55. print_histogram() [943767625]=[439000, 439999), 
18:39:55. print_histogram() [946010025]=[440000, 440999), 
18:39:55. print_histogram() [948097993]=[441000, 441999), 
18:39:55. print_histogram() [950390703]=[442000, 442999), 
18:39:55. print_histogram() [952492858]=[443000, 443999), 
18:39:55. print_histogram() [954649309]=[444000, 444999), 
18:39:55. print_histogram() [956840872]=[445000, 445999), 
18:39:55. print_histogram() [958875747]=[446000, 446999), 
18:39:55. print_histogram() [960991177]=[447000, 447999), 
18:39:55. print_histogram() [963048565]=[448000, 448999), 
18:39:55. print_histogram() [965321621]=[449000, 449999), 
18:39:55. print_histogram() [967387377]=[450000, 450999), 
18:39:55. print_histogram() [969514959]=[451000, 451999), 
18:39:55. print_histogram() [971656935]=[452000, 452999), 
18:39:55. print_histogram() [973766469]=[453000, 453999), 
18:39:55. print_histogram() [975853455]=[454000, 454999), 
18:39:55. print_histogram() [977983726]=[455000, 455999), 
18:39:55. print_histogram() [980123260]=[456000, 456999), 
18:39:55. print_histogram() [982259782]=[457000, 457999), 
18:39:55. print_histogram() [984462781]=[458000, 458999), 
18:39:55. print_histogram() [986535338]=[459000, 459999), 
18:39:55. print_histogram() [988638301]=[460000, 460999), 
18:39:55. print_histogram() [990736893]=[461000, 461999), 
18:39:55. print_histogram() [992964630]=[462000, 462999), 
18:39:55. print_histogram() [995126162]=[463000, 463999), 
18:39:55. print_histogram() [997262182]=[464000, 464999), 
18:39:55. print_histogram() [999401482]=[465000, 465999), 
18:39:55. print_histogram() [1001391664]=[466000, 466999), 
18:39:55. print_histogram() [1003562416]=[467000, 467999), 
18:39:55. print_histogram() [1005785409]=[468000, 468999), 
18:39:55. print_histogram() [1007954250]=[469000, 469999), 
18:39:55. print_histogram() [1010136008]=[470000, 470999), 
18:39:55. print_histogram() [1012208790]=[471000, 471999), 
18:39:55. print_histogram() [1014286198]=[472000, 472999), 
18:39:55. print_histogram() [1016394469]=[473000, 473999), 
18:39:55. print_histogram() [1018486109]=[474000, 474999), 
18:39:55. print_histogram() [1020584753]=[475000, 475999), 
18:39:55. print_histogram() [1022722859]=[476000, 476999), 
18:39:55. print_histogram() [1024859923]=[477000, 477999), 
18:39:55. print_histogram() [1027066963]=[478000, 478999), 
18:39:55. print_histogram() [1029282736]=[479000, 479999), 
18:39:55. print_histogram() [1031415393]=[480000, 480999), 
18:39:55. print_histogram() [1033549100]=[481000, 481999), 
18:39:55. print_histogram() [1035665255]=[482000, 482999), 
18:39:55. print_histogram() [1037716874]=[483000, 483999), 
18:39:55. print_histogram() [1039914230]=[484000, 484999), 
18:39:55. print_histogram() [1042003498]=[485000, 485999), 
18:39:55. print_histogram() [1044116144]=[486000, 486999), 
18:39:55. print_histogram() [1046324034]=[487000, 487999), 
18:39:55. print_histogram() [1048415081]=[488000, 488999), 
18:39:55. print_histogram() [1050614262]=[489000, 489999), 
18:39:55. print_histogram() [1052805084]=[490000, 490999), 
18:39:55. print_histogram() [1054983675]=[491000, 491999), 
18:39:55. print_histogram() [1057129757]=[492000, 492999), 
18:39:55. print_histogram() [1059276694]=[493000, 493999), 
18:39:55. print_histogram() [1061562392]=[494000, 494999), 
18:39:55. print_histogram() [1063687710]=[495000, 495999), 
18:39:55. print_histogram() [1065781721]=[496000, 496999), 
18:39:55. print_histogram() [1067803012]=[497000, 497999), 
18:39:55. print_histogram() [1069859161]=[498000, 498999), 
18:39:55. print_histogram() [1072023600]=[499000, 499999), 
18:39:55. print_histogram() [1074215094]=[500000, 500999), 
18:39:55. print_histogram() [1076421147]=[501000, 501999), 
18:39:55. print_histogram() [1078542247]=[502000, 502999), 
18:39:55. print_histogram() [1080684508]=[503000, 503999), 
18:39:55. print_histogram() [1082807193]=[504000, 504999), 
18:39:55. print_histogram() [1084844299]=[505000, 505999), 
18:39:55. print_histogram() [1086949908]=[506000, 506999), 
18:39:55. print_histogram() [1089115357]=[507000, 507999), 
18:39:55. print_histogram() [1091359250]=[508000, 508999), 
18:39:55. print_histogram() [1093508256]=[509000, 509999), 
18:39:55. print_histogram() [1095622179]=[510000, 510999), 
18:39:55. print_histogram() [1097789872]=[511000, 511999), 
18:39:55. print_histogram() [1099810226]=[512000, 512999), 
18:39:55. print_histogram() [1102021551]=[513000, 513999), 
18:39:55. print_histogram() [1104100265]=[514000, 514999), 
18:39:55. print_histogram() [1106182434]=[515000, 515999), 
18:39:55. print_histogram() [1108279292]=[516000, 516999), 
18:39:55. print_histogram() [1110398309]=[517000, 517999), 
18:39:55. print_histogram() [1112491840]=[518000, 518999), 
18:39:55. print_histogram() [1114721030]=[519000, 519999), 
18:39:55. print_histogram() [1116915606]=[520000, 520999), 
18:39:55. print_histogram() [1118967833]=[521000, 521999), 
18:39:55. print_histogram() [1121190536]=[522000, 522999), 
18:39:55. print_histogram() [1123387161]=[523000, 523999), 
18:39:55. print_histogram() [1125561085]=[524000, 524999), 
18:39:55. print_histogram() [1127550234]=[525000, 525999), 
18:39:55. print_histogram() [1129678444]=[526000, 526999), 
18:39:55. print_histogram() [1131825728]=[527000, 527999), 
18:39:55. print_histogram() [1134120612]=[528000, 528999), 
18:39:55. print_histogram() [1136245985]=[529000, 529999), 
18:39:55. print_histogram() [1138459527]=[530000, 530999), 
18:39:55. print_histogram() [1140566230]=[531000, 531999), 
18:39:55. print_histogram() [1142779690]=[532000, 532999), 
18:39:55. print_histogram() [1145042924]=[533000, 533999), 
18:39:55. print_histogram() [1147223534]=[534000, 534999), 
18:39:55. print_histogram() [1149462235]=[535000, 535999), 
18:39:55. print_histogram() [1151524333]=[536000, 536999), 
18:39:55. print_histogram() [1153773205]=[537000, 537999), 
18:39:55. print_histogram() [1155921131]=[538000, 538999), 
18:39:55. print_histogram() [1158147914]=[539000, 539999), 
18:39:55. print_histogram() [1160216387]=[540000, 540999), 
18:39:55. print_histogram() [1162337387]=[541000, 541999), 
18:39:55. print_histogram() [1164465210]=[542000, 542999), 
18:39:55. print_histogram() [1166534881]=[543000, 543999), 
18:39:55. print_histogram() [1168586232]=[544000, 544999), 
18:39:55. print_histogram() [1170622485]=[545000, 545999), 
18:39:55. print_histogram() [1172681038]=[546000, 546999), 
18:39:55. print_histogram() [1174861647]=[547000, 547999), 
18:39:55. print_histogram() [1176948205]=[548000, 548999), 
18:39:55. print_histogram() [1179009660]=[549000, 549999), 
18:39:55. print_histogram() [1181114703]=[550000, 550999), 
18:39:55. print_histogram() [1183148040]=[551000, 551999), 
18:39:55. print_histogram() [1185230514]=[552000, 552999), 
18:39:55. print_histogram() [1187401160]=[553000, 553999), 
18:39:55. print_histogram() [1189669167]=[554000, 554999), 
18:39:55. print_histogram() [1191948577]=[555000, 555999), 
18:39:55. print_histogram() [1194180015]=[556000, 556999), 
18:39:55. print_histogram() [1196358334]=[557000, 557999), 
18:39:55. print_histogram() [1198492036]=[558000, 558999), 
18:39:55. print_histogram() [1200635923]=[559000, 559999), 
18:39:55. print_histogram() [1202694927]=[560000, 560999), 
18:39:55. print_histogram() [1204789177]=[561000, 561999), 
18:39:55. print_histogram() [1207017230]=[562000, 562999), 
18:39:55. print_histogram() [1209149395]=[563000, 563999), 
18:39:55. print_histogram() [1211362005]=[564000, 564999), 
18:39:55. print_histogram() [1213537008]=[565000, 565999), 
18:39:55. print_histogram() [1215541258]=[566000, 566999), 
18:39:55. print_histogram() [1217707487]=[567000, 567999), 
18:39:55. print_histogram() [1219909884]=[568000, 568999), 
18:39:55. print_histogram() [1222101146]=[569000, 569999), 
18:39:55. print_histogram() [1224200915]=[570000, 570999), 
18:39:55. print_histogram() [1226333382]=[571000, 571999), 
18:39:55. print_histogram() [1228606541]=[572000, 572999), 
18:39:55. print_histogram() [1230784103]=[573000, 573999), 
18:39:55. print_histogram() [1232876622]=[574000, 574999), 
18:39:55. print_histogram() [1235020094]=[575000, 575999), 
18:39:55. print_histogram() [1237129271]=[576000, 576999), 
18:39:55. print_histogram() [1239207361]=[577000, 577999), 
18:39:55. print_histogram() [1241524557]=[578000, 578999), 
18:39:55. print_histogram() [1243676142]=[579000, 579999), 
18:39:55. print_histogram() [1245741368]=[580000, 580999), 
18:39:55. print_histogram() [1247968087]=[581000, 581999), 
18:39:55. print_histogram() [1250077418]=[582000, 582999), 
18:39:55. print_histogram() [1252194846]=[583000, 583999), 
18:39:55. print_histogram() [1254345073]=[584000, 584999), 
18:39:55. print_histogram() [1256409969]=[585000, 585999), 
18:39:55. print_histogram() [1258491261]=[586000, 586999), 
18:39:55. print_histogram() [1260640611]=[587000, 587999), 
18:39:55. print_histogram() [1262820288]=[588000, 588999), 
18:39:55. print_histogram() [1264979309]=[589000, 589999), 
18:39:55. print_histogram() [1267162750]=[590000, 590999), 
18:39:55. print_histogram() [1269320489]=[591000, 591999), 
18:39:55. print_histogram() [1271419486]=[592000, 592999), 
18:39:55. print_histogram() [1273523978]=[593000, 593999), 
18:39:55. print_histogram() [1275700400]=[594000, 594999), 
18:39:55. print_histogram() [1277838122]=[595000, 595999), 
18:39:55. print_histogram() [1279916149]=[596000, 596999), 
18:39:55. print_histogram() [1282053487]=[597000, 597999), 
18:39:55. print_histogram() [1284301866]=[598000, 598999), 
18:39:55. print_histogram() [1286386278]=[599000, 599999), 
18:39:55. print_histogram() [1288518992]=[600000, 600999), 
18:39:55. print_histogram() [1290585397]=[601000, 601999), 
18:39:55. print_histogram() [1292676585]=[602000, 602999), 
18:39:55. print_histogram() [1294772130]=[603000, 603999), 
18:39:55. print_histogram() [1296768062]=[604000, 604999), 
18:39:55. print_histogram() [1298842909]=[605000, 605999), 
18:39:55. print_histogram() [1300873373]=[606000, 606999), 
18:39:55. print_histogram() [1303055283]=[607000, 607999), 
18:39:55. print_histogram() [1305227626]=[608000, 608999), 
18:39:55. print_histogram() [1307371160]=[609000, 609999), 
18:39:55. print_histogram() [1309567682]=[610000, 610999), 
18:39:55. print_histogram() [1311685591]=[611000, 611999), 
18:39:55. print_histogram() [1313823048]=[612000, 612999), 
18:39:55. print_histogram() [1316011310]=[613000, 613999), 
18:39:55. print_histogram() [1318170003]=[614000, 614999), 
18:39:55. print_histogram() [1320327975]=[615000, 615999), 
18:39:55. print_histogram() [1322507122]=[616000, 616999), 
18:39:55. print_histogram() [1324673114]=[617000, 617999), 
18:39:55. print_histogram() [1326924441]=[618000, 618999), 
18:39:55. print_histogram() [1329072302]=[619000, 619999), 
18:39:55. print_histogram() [1331285534]=[620000, 620999), 
18:39:55. print_histogram() [1333390469]=[621000, 621999), 
18:39:55. print_histogram() [1335619787]=[622000, 622999), 
18:39:55. print_histogram() [1337742426]=[623000, 623999), 
18:39:55. print_histogram() [1339891254]=[624000, 624999), 
18:39:55. print_histogram() [1342117855]=[625000, 625999), 
18:39:55. print_histogram() [1344441665]=[626000, 626999), 
18:39:55. print_histogram() [1346579733]=[627000, 627999), 
18:39:55. print_histogram() [1348696050]=[628000, 628999), 
18:39:55. print_histogram() [1350881716]=[629000, 629999), 
18:39:55. print_histogram() [1353041840]=[630000, 630999), 
18:39:55. print_histogram() [1355201098]=[631000, 631999), 
18:39:55. print_histogram() [1357328730]=[632000, 632999), 
18:39:55. print_histogram() [1359563796]=[633000, 633999), 
18:39:55. print_histogram() [1361784000]=[634000, 634999), 
18:39:55. print_histogram() [1363930776]=[635000, 635999), 
18:39:55. print_histogram() [1366097157]=[636000, 636999), 
18:39:55. print_histogram() [1368217403]=[637000, 637999), 
18:39:55. print_histogram() [1370277666]=[638000, 638999), 
18:39:55. print_histogram() [1372437288]=[639000, 639999), 
18:39:55. print_histogram() [1374580002]=[640000, 640999), 
18:39:55. print_histogram() [1376643202]=[641000, 641999), 
18:39:55. print_histogram() [1378694378]=[642000, 642999), 
18:39:55. print_histogram() [1380868891]=[643000, 643999), 
18:39:55. print_histogram() [1382985329]=[644000, 644999), 
18:39:55. print_histogram() [1385119035]=[645000, 645999), 
18:39:55. print_histogram() [1387253331]=[646000, 646999), 
18:39:55. print_histogram() [1389453536]=[647000, 647999), 
18:39:55. print_histogram() [1391588190]=[648000, 648999), 
18:39:55. print_histogram() [1393649102]=[649000, 649999), 
18:39:55. print_histogram() [1395805095]=[650000, 650999), 
18:39:55. print_histogram() [1398025292]=[651000, 651999), 
18:39:55. print_histogram() [1400131471]=[652000, 652999), 
18:39:55. print_histogram() [1402299962]=[653000, 653999), 
18:39:55. print_histogram() [1404391725]=[654000, 654999), 
18:39:55. print_histogram() [1406443419]=[655000, 655999), 
18:39:55. print_histogram() [1408533436]=[656000, 656999), 
18:39:55. print_histogram() [1410671523]=[657000, 657999), 
18:39:55. print_histogram() [1412905434]=[658000, 658999), 
18:39:55. print_histogram() [1415090613]=[659000, 659999), 
18:39:55. print_histogram() [1417171786]=[660000, 660999), 
18:39:55. print_histogram() [1419362735]=[661000, 661999), 
18:39:55. print_histogram() [1421448006]=[662000, 662999), 
18:39:55. print_histogram() [1423636047]=[663000, 663999), 
18:39:55. print_histogram() [1425807819]=[664000, 664999), 
18:39:55. print_histogram() [1427972542]=[665000, 665999), 
18:39:55. print_histogram() [1430112601]=[666000, 666999), 
18:39:55. print_histogram() [1432275926]=[667000, 667999), 
18:39:55. print_histogram() [1434390670]=[668000, 668999), 
18:39:55. print_histogram() [1436619817]=[669000, 669999), 
18:39:55. print_histogram() [1438727718]=[670000, 670999), 
18:39:55. print_histogram() [1440798185]=[671000, 671999), 
18:39:55. print_histogram() [1442893822]=[672000, 672999), 
18:39:55. print_histogram() [1445084379]=[673000, 673999), 
18:39:55. print_histogram() [1447217344]=[674000, 674999), 
18:39:55. print_histogram() [1449341202]=[675000, 675999), 
18:39:55. print_histogram() [1451517941]=[676000, 676999), 
18:39:55. print_histogram() [1453600842]=[677000, 677999), 
18:39:55. print_histogram() [1455911340]=[678000, 678999), 
18:39:55. print_histogram() [1458017656]=[679000, 679999), 
18:39:55. print_histogram() [1460204576]=[680000, 680999), 
18:39:55. print_histogram() [1462300438]=[681000, 681999), 
18:39:55. print_histogram() [1464362772]=[682000, 682999), 
18:39:55. print_histogram() [1466436202]=[683000, 683999), 
18:39:55. print_histogram() [1468574733]=[684000, 684999), 
18:39:55. print_histogram() [1470754466]=[685000, 685999), 
18:39:55. print_histogram() [1472962260]=[686000, 686999), 
18:39:55. print_histogram() [1475073085]=[687000, 687999), 
18:39:55. print_histogram() [1477330583]=[688000, 688999), 
18:39:55. print_histogram() [1479516386]=[689000, 689999), 
18:39:55. print_histogram() [1481780192]=[690000, 690999), 
18:39:55. print_histogram() [1483942892]=[691000, 691999), 
18:39:55. print_histogram() [1486155027]=[692000, 692999), 
18:39:55. print_histogram() [1488363052]=[693000, 693999), 
18:39:55. print_histogram() [1490517603]=[694000, 694999), 
18:39:55. print_histogram() [1492704191]=[695000, 695999), 
18:39:55. print_histogram() [1494718455]=[696000, 696999), 
18:39:55. print_histogram() [1496818581]=[697000, 697999), 
18:39:55. print_histogram() [1499006356]=[698000, 698999), 
18:39:55. print_histogram() [1501204178]=[699000, 699999), 
18:39:55. print_histogram() [1503314225]=[700000, 700999), 
18:39:55. print_histogram() [1505473622]=[701000, 701999), 
18:39:55. print_histogram() [1507534325]=[702000, 702999), 
18:39:55. print_histogram() [1509765988]=[703000, 703999), 
18:39:55. print_histogram() [1511884682]=[704000, 704999), 
18:39:55. print_histogram() [1514021381]=[705000, 705999), 
18:39:55. print_histogram() [1516111797]=[706000, 706999), 
18:39:55. print_histogram() [1518270550]=[707000, 707999), 
18:39:55. print_histogram() [1520410011]=[708000, 708999), 
18:39:55. print_histogram() [1522636901]=[709000, 709999), 
18:39:55. print_histogram() [1524770283]=[710000, 710999), 
18:39:55. print_histogram() [1526906820]=[711000, 711999), 
18:39:55. print_histogram() [1528919984]=[712000, 712999), 
18:39:55. print_histogram() [1531156216]=[713000, 713999), 
18:39:55. print_histogram() [1533330539]=[714000, 714999), 
18:39:55. print_histogram() [1535466526]=[715000, 715999), 
18:39:55. print_histogram() [1537619807]=[716000, 716999), 
18:39:55. print_histogram() [1539693226]=[717000, 717999), 
18:39:55. print_histogram() [1541860156]=[718000, 718999), 
18:39:55. print_histogram() [1544150208]=[719000, 719999), 
18:39:55. print_histogram() [1546236641]=[720000, 720999), 
18:39:55. print_histogram() [1548391444]=[721000, 721999), 
18:39:55. print_histogram() [1550511606]=[722000, 722999), 
18:39:55. print_histogram() [1552597010]=[723000, 723999), 
18:39:55. print_histogram() [1554743650]=[724000, 724999), 
18:39:55. print_histogram() [1556920670]=[725000, 725999), 
18:39:55. print_histogram() [1559125145]=[726000, 726999), 
18:39:55. print_histogram() [1561200644]=[727000, 727999), 
18:39:55. print_histogram() [1563276203]=[728000, 728999), 
18:39:55. print_histogram() [1565475244]=[729000, 729999), 
18:39:55. print_histogram() [1567539805]=[730000, 730999), 
18:39:55. print_histogram() [1569722743]=[731000, 731999), 
18:39:55. print_histogram() [1571842577]=[732000, 732999), 
18:39:55. print_histogram() [1573989882]=[733000, 733999), 
18:39:55. print_histogram() [1576151791]=[734000, 734999), 
18:39:55. print_histogram() [1578422767]=[735000, 735999), 
18:39:55. print_histogram() [1580485083]=[736000, 736999), 
18:39:55. print_histogram() [1582668174]=[737000, 737999), 
18:39:55. print_histogram() [1584720008]=[738000, 738999), 
18:39:55. print_histogram() [1586970796]=[739000, 739999), 
18:39:55. print_histogram() [1589140414]=[740000, 740999), 
18:39:55. print_histogram() [1591084885]=[741000, 741999), 
18:39:55. print_histogram() [1593228243]=[742000, 742999), 
18:39:55. print_histogram() [1595332138]=[743000, 743999), 
18:39:55. print_histogram() [1597431746]=[744000, 744999), 
18:39:55. print_histogram() [1599537456]=[745000, 745999), 
18:39:55. print_histogram() [1601741314]=[746000, 746999), 
18:39:55. print_histogram() [1603892136]=[747000, 747999), 
18:39:55. print_histogram() [1606012660]=[748000, 748999), 
18:39:55. print_histogram() [1608083698]=[749000, 749999), 
18:39:55. print_histogram() [1610407169]=[750000, 750999), 
18:39:55. print_histogram() [1612615090]=[751000, 751999), 
18:39:55. print_histogram() [1614833291]=[752000, 752999), 
18:39:55. print_histogram() [1616929460]=[753000, 753999), 
18:39:55. print_histogram() [1619063706]=[754000, 754999), 
18:39:55. print_histogram() [1621237382]=[755000, 755999), 
18:39:55. print_histogram() [1623369238]=[756000, 756999), 
18:39:55. print_histogram() [1625572666]=[757000, 757999), 
18:39:55. print_histogram() [1627735111]=[758000, 758999), 
18:39:55. print_histogram() [1629801167]=[759000, 759999), 
18:39:55. print_histogram() [1631925369]=[760000, 760999), 
18:39:55. print_histogram() [1634066827]=[761000, 761999), 
18:39:55. print_histogram() [1636198589]=[762000, 762999), 
18:39:55. print_histogram() [1638332049]=[763000, 763999), 
18:39:55. print_histogram() [1640403687]=[764000, 764999), 
18:39:55. print_histogram() [1642667067]=[765000, 765999), 
18:39:55. print_histogram() [1644767966]=[766000, 766999), 
18:39:55. print_histogram() [1646888901]=[767000, 767999), 
18:39:55. print_histogram() [1649095998]=[768000, 768999), 
18:39:55. print_histogram() [1651275427]=[769000, 769999), 
18:39:55. print_histogram() [1653367589]=[770000, 770999), 
18:39:55. print_histogram() [1655479828]=[771000, 771999), 
18:39:55. print_histogram() [1657627209]=[772000, 772999), 
18:39:55. print_histogram() [1659811704]=[773000, 773999), 
18:39:55. print_histogram() [1662027193]=[774000, 774999), 
18:39:55. print_histogram() [1664114333]=[775000, 775999), 
18:39:55. print_histogram() [1666240621]=[776000, 776999), 
18:39:55. print_histogram() [1668410322]=[777000, 777999), 
18:39:55. print_histogram() [1670411558]=[778000, 778999), 
18:39:55. print_histogram() [1672645505]=[779000, 779999), 
18:39:55. print_histogram() [1674835245]=[780000, 780999), 
18:39:55. print_histogram() [1677012489]=[781000, 781999), 
18:39:55. print_histogram() [1679186408]=[782000, 782999), 
18:39:55. print_histogram() [1681292051]=[783000, 783999), 
18:39:55. print_histogram() [1683473293]=[784000, 784999), 
18:39:55. print_histogram() [1685602263]=[785000, 785999), 
18:39:55. print_histogram() [1687682937]=[786000, 786999), 
18:39:55. print_histogram() [1689763825]=[787000, 787999), 
18:39:55. print_histogram() [1691894689]=[788000, 788999), 
18:39:55. print_histogram() [1694102353]=[789000, 789999), 
18:39:55. print_histogram() [1696152821]=[790000, 790999), 
18:39:55. print_histogram() [1698325629]=[791000, 791999), 
18:39:55. print_histogram() [1700402798]=[792000, 792999), 
18:39:55. print_histogram() [1702449911]=[793000, 793999), 
18:39:55. print_histogram() [1704635269]=[794000, 794999), 
18:39:55. print_histogram() [1706759541]=[795000, 795999), 
18:39:55. print_histogram() [1708785207]=[796000, 796999), 
18:39:55. print_histogram() [1710958711]=[797000, 797999), 
18:39:55. print_histogram() [1713307991]=[798000, 798999), 
18:39:55. print_histogram() [1715421680]=[799000, 799999), 
18:39:55. print_histogram() [1717637479]=[800000, 800999), 
18:39:55. print_histogram() [1719753849]=[801000, 801999), 
18:39:55. print_histogram() [1722074123]=[802000, 802999), 
18:39:55. print_histogram() [1724305508]=[803000, 803999), 
18:39:55. print_histogram() [1726344875]=[804000, 804999), 
18:39:55. print_histogram() [1728408339]=[805000, 805999), 
18:39:55. print_histogram() [1730505369]=[806000, 806999), 
18:39:55. print_histogram() [1732590820]=[807000, 807999), 
18:39:55. print_histogram() [1734781292]=[808000, 808999), 
18:39:55. print_histogram() [1736884285]=[809000, 809999), 
18:39:55. print_histogram() [1738979406]=[810000, 810999), 
18:39:55. print_histogram() [1741102557]=[811000, 811999), 
18:39:55. print_histogram() [1743304029]=[812000, 812999), 
18:39:55. print_histogram() [1745549509]=[813000, 813999), 
18:39:55. print_histogram() [1747598982]=[814000, 814999), 
18:39:55. print_histogram() [1749633744]=[815000, 815999), 
18:39:55. print_histogram() [1751924263]=[816000, 816999), 
18:39:55. print_histogram() [1754100228]=[817000, 817999), 
18:39:55. print_histogram() [1756425775]=[818000, 818999), 
18:39:55. print_histogram() [1758555309]=[819000, 819999), 
18:39:55. print_histogram() [1760680311]=[820000, 820999), 
18:39:55. print_histogram() [1762893906]=[821000, 821999), 
18:39:55. print_histogram() [1765002321]=[822000, 822999), 
18:39:55. print_histogram() [1767198041]=[823000, 823999), 
18:39:55. print_histogram() [1769338164]=[824000, 824999), 
18:39:55. print_histogram() [1771481673]=[825000, 825999), 
18:39:55. print_histogram() [1773572519]=[826000, 826999), 
18:39:55. print_histogram() [1775844610]=[827000, 827999), 
18:39:55. print_histogram() [1777943596]=[828000, 828999), 
18:39:55. print_histogram() [1780203840]=[829000, 829999), 
18:39:55. print_histogram() [1782362300]=[830000, 830999), 
18:39:55. print_histogram() [1784374046]=[831000, 831999), 
18:39:55. print_histogram() [1786522849]=[832000, 832999), 
18:39:55. print_histogram() [1788602840]=[833000, 833999), 
18:39:55. print_histogram() [1790738429]=[834000, 834999), 
18:39:55. print_histogram() [1792840271]=[835000, 835999), 
18:39:55. print_histogram() [1795034132]=[836000, 836999), 
18:39:55. print_histogram() [1797191994]=[837000, 837999), 
18:39:55. print_histogram() [1799385756]=[838000, 838999), 
18:39:55. print_histogram() [1801483395]=[839000, 839999), 
18:39:55. print_histogram() [1803557246]=[840000, 840999), 
18:39:55. print_histogram() [1805623827]=[841000, 841999), 
18:39:55. print_histogram() [1807755144]=[842000, 842999), 
18:39:55. print_histogram() [1809961399]=[843000, 843999), 
18:39:55. print_histogram() [1811956953]=[844000, 844999), 
18:39:55. print_histogram() [1814137015]=[845000, 845999), 
18:39:55. print_histogram() [1816263145]=[846000, 846999), 
18:39:55. print_histogram() [1818438656]=[847000, 847999), 
18:39:55. print_histogram() [1820597232]=[848000, 848999), 
18:39:55. print_histogram() [1822788931]=[849000, 849999), 
18:39:55. print_histogram() [1824891988]=[850000, 850999), 
18:39:55. print_histogram() [1826889924]=[851000, 851999), 
18:39:55. print_histogram() [1829016284]=[852000, 852999), 
18:39:55. print_histogram() [1831069440]=[853000, 853999), 
18:39:55. print_histogram() [1833269744]=[854000, 854999), 
18:39:55. print_histogram() [1835545958]=[855000, 855999), 
18:39:55. print_histogram() [1837728295]=[856000, 856999), 
18:39:55. print_histogram() [1839824948]=[857000, 857999), 
18:39:55. print_histogram() [1842141600]=[858000, 858999), 
18:39:55. print_histogram() [1844219541]=[859000, 859999), 
18:39:55. print_histogram() [1846349214]=[860000, 860999), 
18:39:55. print_histogram() [1848426426]=[861000, 861999), 
18:39:55. print_histogram() [1850593464]=[862000, 862999), 
18:39:55. print_histogram() [1852726425]=[863000, 863999), 
18:39:55. print_histogram() [1854848273]=[864000, 864999), 
18:39:55. print_histogram() [1856946509]=[865000, 865999), 
18:39:55. print_histogram() [1859202652]=[866000, 866999), 
18:39:55. print_histogram() [1861262322]=[867000, 867999), 
18:39:55. print_histogram() [1863310092]=[868000, 868999), 
18:39:55. print_histogram() [1865422626]=[869000, 869999), 
18:39:55. print_histogram() [1867586097]=[870000, 870999), 
18:39:55. print_histogram() [1869716312]=[871000, 871999), 
18:39:55. print_histogram() [1871887295]=[872000, 872999), 
18:39:55. print_histogram() [1873954887]=[873000, 873999), 
18:39:55. print_histogram() [1875996302]=[874000, 874999), 
18:39:55. print_histogram() [1878152440]=[875000, 875999), 
18:39:55. print_histogram() [1880272867]=[876000, 876999), 
18:39:55. print_histogram() [1882346235]=[877000, 877999), 
18:39:55. print_histogram() [1884411584]=[878000, 878999), 
18:39:55. print_histogram() [1886678845]=[879000, 879999), 
18:39:55. print_histogram() [1888788821]=[880000, 880999), 
18:39:55. print_histogram() [1890938797]=[881000, 881999), 
18:39:55. print_histogram() [1892976677]=[882000, 882999), 
18:39:55. print_histogram() [1895104558]=[883000, 883999), 
18:39:55. print_histogram() [1897231609]=[884000, 884999), 
18:39:55. print_histogram() [1899374842]=[885000, 885999), 
18:39:55. print_histogram() [1901645266]=[886000, 886999), 
18:39:55. print_histogram() [1903786222]=[887000, 887999), 
18:39:55. print_histogram() [1905891037]=[888000, 888999), 
18:39:55. print_histogram() [1908077528]=[889000, 889999), 
18:39:55. print_histogram() [1910277345]=[890000, 890999), 
18:39:55. print_histogram() [1912409885]=[891000, 891999), 
18:39:55. print_histogram() [1914650950]=[892000, 892999), 
18:39:55. print_histogram() [1916766611]=[893000, 893999), 
18:39:55. print_histogram() [1918797596]=[894000, 894999), 
18:39:55. print_histogram() [1920923446]=[895000, 895999), 
18:39:55. print_histogram() [1923124259]=[896000, 896999), 
18:39:55. print_histogram() [1925316241]=[897000, 897999), 
18:39:55. print_histogram() [1927514111]=[898000, 898999), 
18:39:55. print_histogram() [1929636526]=[899000, 899999), 
18:39:55. print_histogram() [1931772693]=[900000, 900999), 
18:39:55. print_histogram() [1933924433]=[901000, 901999), 
18:39:55. print_histogram() [1936145094]=[902000, 902999), 
18:39:55. print_histogram() [1938196157]=[903000, 903999), 
18:39:55. print_histogram() [1940383406]=[904000, 904999), 
18:39:55. print_histogram() [1942496064]=[905000, 905999), 
18:39:55. print_histogram() [1944599799]=[906000, 906999), 
18:39:55. print_histogram() [1946706290]=[907000, 907999), 
18:39:55. print_histogram() [1948942732]=[908000, 908999), 
18:39:55. print_histogram() [1951083632]=[909000, 909999), 
18:39:55. print_histogram() [1953280104]=[910000, 910999), 
18:39:55. print_histogram() [1955523232]=[911000, 911999), 
18:39:55. print_histogram() [1957695485]=[912000, 912999), 
18:39:55. print_histogram() [1959749866]=[913000, 913999), 
18:39:55. print_histogram() [1961882586]=[914000, 914999), 
18:39:55. print_histogram() [1964095111]=[915000, 915999), 
18:39:55. print_histogram() [1966231091]=[916000, 916999), 
18:39:55. print_histogram() [1968397949]=[917000, 917999), 
18:39:55. print_histogram() [1970510220]=[918000, 918999), 
18:39:55. print_histogram() [1972713264]=[919000, 919999), 
18:39:55. print_histogram() [1974843143]=[920000, 920999), 
18:39:55. print_histogram() [1976991477]=[921000, 921999), 
18:39:55. print_histogram() [1979202485]=[922000, 922999), 
18:39:55. print_histogram() [1981354051]=[923000, 923999), 
18:39:55. print_histogram() [1983515875]=[924000, 924999), 
18:39:55. print_histogram() [1985642792]=[925000, 925999), 
18:39:55. print_histogram() [1987769762]=[926000, 926999), 
18:39:55. print_histogram() [1989959919]=[927000, 927999), 
18:39:55. print_histogram() [1992062826]=[928000, 928999), 
18:39:55. print_histogram() [1994134288]=[929000, 929999), 
18:39:55. print_histogram() [1996298568]=[930000, 930999), 
18:39:55. print_histogram() [1998531356]=[931000, 931999), 
18:39:55. print_histogram() [2000714600]=[932000, 932999), 
18:39:55. print_histogram() [2002919714]=[933000, 933999), 
18:39:55. print_histogram() [2005147023]=[934000, 934999), 
18:39:55. print_histogram() [2007193418]=[935000, 935999), 
18:39:55. print_histogram() [2009350316]=[936000, 936999), 
18:39:55. print_histogram() [2011361159]=[937000, 937999), 
18:39:55. print_histogram() [2013433362]=[938000, 938999), 
18:39:55. print_histogram() [2015592067]=[939000, 939999), 
18:39:55. print_histogram() [2017714458]=[940000, 940999), 
18:39:55. print_histogram() [2019852509]=[941000, 941999), 
18:39:55. print_histogram() [2021965655]=[942000, 942999), 
18:39:55. print_histogram() [2024147813]=[943000, 943999), 
18:39:55. print_histogram() [2026267978]=[944000, 944999), 
18:39:55. print_histogram() [2028391544]=[945000, 945999), 
18:39:55. print_histogram() [2030512086]=[946000, 946999), 
18:39:55. print_histogram() [2032628923]=[947000, 947999), 
18:39:55. print_histogram() [2034831832]=[948000, 948999), 
18:39:55. print_histogram() [2037053312]=[949000, 949999), 
18:39:55. print_histogram() [2039394830]=[950000, 950999), 
18:39:55. print_histogram() [2041496209]=[951000, 951999), 
18:39:55. print_histogram() [2043677146]=[952000, 952999), 
18:39:55. print_histogram() [2045929674]=[953000, 953999), 
18:39:55. print_histogram() [2048015166]=[954000, 954999), 
18:39:55. print_histogram() [2050160515]=[955000, 955999), 
18:39:55. print_histogram() [2052374141]=[956000, 956999), 
18:39:55. print_histogram() [2054500510]=[957000, 957999), 
18:39:55. print_histogram() [2056721379]=[958000, 958999), 
18:39:55. print_histogram() [2058951924]=[959000, 959999), 
18:39:55. print_histogram() [2061159127]=[960000, 960999), 
18:39:55. print_histogram() [2063333649]=[961000, 961999), 
18:39:55. print_histogram() [2065466094]=[962000, 962999), 
18:39:55. print_histogram() [2067663678]=[963000, 963999), 
18:39:55. print_histogram() [2069770333]=[964000, 964999), 
18:39:55. print_histogram() [2071827485]=[965000, 965999), 
18:39:55. print_histogram() [2074015436]=[966000, 966999), 
18:39:55. print_histogram() [2076165585]=[967000, 967999), 
18:39:55. print_histogram() [2078356735]=[968000, 968999), 
18:39:55. print_histogram() [2080410921]=[969000, 969999), 
18:39:55. print_histogram() [2082517749]=[970000, 970999), 
18:39:55. print_histogram() [2084751580]=[971000, 971999), 
18:39:55. print_histogram() [2086986483]=[972000, 972999), 
18:39:55. print_histogram() [2089176073]=[973000, 973999), 
18:39:55. print_histogram() [2091374722]=[974000, 974999), 
18:39:55. print_histogram() [2093492282]=[975000, 975999), 
18:39:55. print_histogram() [2095590763]=[976000, 976999), 
18:39:55. print_histogram() [2097801406]=[977000, 977999), 
18:39:55. print_histogram() [2099933086]=[978000, 978999), 
18:39:55. print_histogram() [2101946199]=[979000, 979999), 
18:39:55. print_histogram() [2104084723]=[980000, 980999), 
18:39:55. print_histogram() [2106249590]=[981000, 981999), 
18:39:55. print_histogram() [2108329857]=[982000, 982999), 
18:39:55. print_histogram() [2110643733]=[983000, 983999), 
18:39:55. print_histogram() [2112877900]=[984000, 984999), 
18:39:55. print_histogram() [2115093204]=[985000, 985999), 
18:39:55. print_histogram() [2117221494]=[986000, 986999), 
18:39:55. print_histogram() [2119379990]=[987000, 987999), 
18:39:55. print_histogram() [2121454902]=[988000, 988999), 
18:39:55. print_histogram() [2123720561]=[989000, 989999), 
18:39:55. print_histogram() [2125870237]=[990000, 990999), 
18:39:55. print_histogram() [2128066610]=[991000, 991999), 
18:39:55. print_histogram() [2130332271]=[992000, 992999), 
18:39:55. print_histogram() [2132383098]=[993000, 993999), 
18:39:55. print_histogram() [2134550325]=[994000, 994999), 
18:39:55. print_histogram() [2136711184]=[995000, 995999), 
18:39:55. print_histogram() [2138762574]=[996000, 996999), 
18:39:55. print_histogram() [2140952815]=[997000, 997999), 
18:39:55. print_histogram() [2143157436]=[998000, 998999), 
18:39:55. print_histogram() [2145353417]=[999000, 999999), 
18:39:55. main() Analize histograms and request detailed histograms
18:39:55. alloc_range_request_analize_histograms() #0 Detailed Histograms recv start
18:39:55. alloc_range_request_analize_histograms() histogram_len=1000, len=3
18:39:55. request_assign_detailed_histogram() i=0, workers[i].helper.end_histogram_index=332
18:39:55. request_assign_detailed_histogram() Want 2 range(332000, 335000)
18:39:55. request_assign_detailed_histogram() i=1, workers[i].helper.end_histogram_index=333
18:39:55. request_assign_detailed_histogram() Want 4 range(333000, 336000)
18:39:55. request_assign_detailed_histogram() i=2, workers[i].helper.end_histogram_index=332
18:39:55. request_assign_detailed_histogram() Want 3 range(332000, 335000)
18:39:55. reqrep_detailed_histograms_alloc() [1] complete=0, Write detailed histogram requests to /tmp/1/7/1/out/detailed_histogram_request0
18:39:55. reqrep_detailed_histograms_alloc() w packet_data_t bytes=16
18:39:55. reqrep_detailed_histograms_alloc() r reply bytes=1
18:39:55. reqrep_detailed_histograms_alloc() w is_complete bytes=4
18:39:55. reqrep_detailed_histograms_alloc() detailed histograms receiving
18:39:55. reqrep_detailed_histograms_alloc() r item->src_nodeid bytes=4
18:39:55. reqrep_detailed_histograms_alloc() w reply bytes=1
18:39:55. reqrep_detailed_histograms_alloc() r item-?array_len bytes=8
18:39:55. reqrep_detailed_histograms_alloc() w reply bytes=1
18:39:55. reqrep_detailed_histograms_alloc() r item->array bytes=36000
18:39:55. reqrep_detailed_histograms_alloc() detailed histograms received from2: expected len:36000
18:39:55. reqrep_detailed_histograms_alloc() [1] complete=0, Write detailed histogram requests to /tmp/1/7/1/out/detailed_histogram_request1
18:39:55. reqrep_detailed_histograms_alloc() w packet_data_t bytes=16
18:39:55. reqrep_detailed_histograms_alloc() r reply bytes=1
18:39:55. reqrep_detailed_histograms_alloc() w is_complete bytes=4
18:39:55. reqrep_detailed_histograms_alloc() detailed histograms receiving
18:39:55. reqrep_detailed_histograms_alloc() r item->src_nodeid bytes=4
18:39:55. reqrep_detailed_histograms_alloc() w reply bytes=1
18:39:55. reqrep_detailed_histograms_alloc() r item-?array_len bytes=8
18:39:55. reqrep_detailed_histograms_alloc() w reply bytes=1
18:39:55. reqrep_detailed_histograms_alloc() r item->array bytes=36000
18:39:55. reqrep_detailed_histograms_alloc() detailed histograms received from3: expected len:36000
18:39:55. reqrep_detailed_histograms_alloc() [1] complete=0, Write detailed histogram requests to /tmp/1/7/1/out/detailed_histogram_request2
18:39:55. reqrep_detailed_histograms_alloc() w packet_data_t bytes=16
18:39:55. reqrep_detailed_histograms_alloc() r reply bytes=1
18:39:55. reqrep_detailed_histograms_alloc() w is_complete bytes=4
18:39:55. reqrep_detailed_histograms_alloc() detailed histograms receiving
18:39:55. reqrep_detailed_histograms_alloc() r item->src_nodeid bytes=4
18:39:55. reqrep_detailed_histograms_alloc() w reply bytes=1
18:39:55. reqrep_detailed_histograms_alloc() r item-?array_len bytes=8
18:39:55. reqrep_detailed_histograms_alloc() w reply bytes=1
18:39:55. reqrep_detailed_histograms_alloc() r item->array bytes=36000
18:39:55. reqrep_detailed_histograms_alloc() detailed histograms received from4: expected len:36000
18:39:55. alloc_range_request_analize_histograms() #0 Detailed Histograms received
18:39:55. alloc_range_request_analize_histograms() #1 Detailed Histograms recv start
18:39:55. alloc_range_request_analize_histograms() histogram_len=1000, len=3
18:39:55. request_assign_detailed_histogram() i=0, workers[i].helper.end_histogram_index=666
18:39:55. request_assign_detailed_histogram() Want 2 range(666000, 669000)
18:39:55. request_assign_detailed_histogram() i=1, workers[i].helper.end_histogram_index=665
18:39:55. request_assign_detailed_histogram() Want 4 range(665000, 668000)
18:39:55. request_assign_detailed_histogram() i=2, workers[i].helper.end_histogram_index=666
18:39:55. request_assign_detailed_histogram() Want 3 range(666000, 669000)
18:39:55. reqrep_detailed_histograms_alloc() [1] complete=0, Write detailed histogram requests to /tmp/1/7/1/out/detailed_histogram_request0
18:39:55. reqrep_detailed_histograms_alloc() w packet_data_t bytes=16
18:39:55. reqrep_detailed_histograms_alloc() r reply bytes=1
18:39:55. reqrep_detailed_histograms_alloc() w is_complete bytes=4
18:39:55. reqrep_detailed_histograms_alloc() detailed histograms receiving
18:39:55. reqrep_detailed_histograms_alloc() r item->src_nodeid bytes=4
18:39:55. reqrep_detailed_histograms_alloc() w reply bytes=1
18:39:55. reqrep_detailed_histograms_alloc() r item-?array_len bytes=8
18:39:55. reqrep_detailed_histograms_alloc() w reply bytes=1
18:39:55. reqrep_detailed_histograms_alloc() r item->array bytes=36000
18:39:55. reqrep_detailed_histograms_alloc() detailed histograms received from2: expected len:36000
18:39:55. reqrep_detailed_histograms_alloc() [1] complete=0, Write detailed histogram requests to /tmp/1/7/1/out/detailed_histogram_request1
18:39:55. reqrep_detailed_histograms_alloc() w packet_data_t bytes=16
18:39:55. reqrep_detailed_histograms_alloc() r reply bytes=1
18:39:55. reqrep_detailed_histograms_alloc() w is_complete bytes=4
18:39:55. reqrep_detailed_histograms_alloc() detailed histograms receiving
18:39:55. reqrep_detailed_histograms_alloc() r item->src_nodeid bytes=4
18:39:55. reqrep_detailed_histograms_alloc() w reply bytes=1
18:39:55. reqrep_detailed_histograms_alloc() r item-?array_len bytes=8
18:39:55. reqrep_detailed_histograms_alloc() w reply bytes=1
18:39:55. reqrep_detailed_histograms_alloc() r item->array bytes=36000
18:39:55. reqrep_detailed_histograms_alloc() detailed histograms received from3: expected len:36000
18:39:55. reqrep_detailed_histograms_alloc() [1] complete=0, Write detailed histogram requests to /tmp/1/7/1/out/detailed_histogram_request2
18:39:55. reqrep_detailed_histograms_alloc() w packet_data_t bytes=16
18:39:55. reqrep_detailed_histograms_alloc() r reply bytes=1
18:39:55. reqrep_detailed_histograms_alloc() w is_complete bytes=4
18:39:55. reqrep_detailed_histograms_alloc() detailed histograms receiving
18:39:55. reqrep_detailed_histograms_alloc() r item->src_nodeid bytes=4
18:39:55. reqrep_detailed_histograms_alloc() w reply bytes=1
18:39:55. reqrep_detailed_histograms_alloc() r item-?array_len bytes=8
18:39:55. reqrep_detailed_histograms_alloc() w reply bytes=1
18:39:55. reqrep_detailed_histograms_alloc() r item->array bytes=36000
18:39:55. reqrep_detailed_histograms_alloc() detailed histograms received from4: expected len:36000
18:39:55. alloc_range_request_analize_histograms() #1 Detailed Histograms received
18:39:55. alloc_range_request_analize_histograms() #2 Detailed Histograms recv start
18:39:55. alloc_range_request_analize_histograms() histogram_len=1000, len=3
18:39:55. request_assign_detailed_histogram() i=0, workers[i].helper.end_histogram_index=999
18:39:55. request_assign_detailed_histogram() Want 2 range(999000, 1000000)
18:39:55. request_assign_detailed_histogram() i=1, workers[i].helper.end_histogram_index=999
18:39:55. request_assign_detailed_histogram() Want 4 range(999000, 1000000)
18:39:55. request_assign_detailed_histogram() i=2, workers[i].helper.end_histogram_index=999
18:39:55. request_assign_detailed_histogram() Want 3 range(999000, 1000000)
18:39:55. reqrep_detailed_histograms_alloc() [1] complete=1, Write detailed histogram requests to /tmp/1/7/1/out/detailed_histogram_request0
18:39:55. reqrep_detailed_histograms_alloc() w packet_data_t bytes=16
18:39:55. reqrep_detailed_histograms_alloc() r reply bytes=1
18:39:55. reqrep_detailed_histograms_alloc() w is_complete bytes=4
18:39:55. reqrep_detailed_histograms_alloc() detailed histograms receiving
18:39:55. reqrep_detailed_histograms_alloc() r item->src_nodeid bytes=4
18:39:55. reqrep_detailed_histograms_alloc() w reply bytes=1
18:39:55. reqrep_detailed_histograms_alloc() r item-?array_len bytes=8
18:39:55. reqrep_detailed_histograms_alloc() w reply bytes=1
18:39:55. reqrep_detailed_histograms_alloc() r item->array bytes=12000
18:39:55. reqrep_detailed_histograms_alloc() detailed histograms received from2: expected len:12000
18:39:55. reqrep_detailed_histograms_alloc() [1] complete=1, Write detailed histogram requests to /tmp/1/7/1/out/detailed_histogram_request1
18:39:55. reqrep_detailed_histograms_alloc() w packet_data_t bytes=16
18:39:55. reqrep_detailed_histograms_alloc() r reply bytes=1
18:39:55. reqrep_detailed_histograms_alloc() w is_complete bytes=4
18:39:55. reqrep_detailed_histograms_alloc() detailed histograms receiving
18:39:55. reqrep_detailed_histograms_alloc() r item->src_nodeid bytes=4
18:39:55. reqrep_detailed_histograms_alloc() w reply bytes=1
18:39:55. reqrep_detailed_histograms_alloc() r item-?array_len bytes=8
18:39:55. reqrep_detailed_histograms_alloc() w reply bytes=1
18:39:55. reqrep_detailed_histograms_alloc() r item->array bytes=12000
18:39:55. reqrep_detailed_histograms_alloc() detailed histograms received from3: expected len:12000
18:39:55. reqrep_detailed_histograms_alloc() [1] complete=1, Write detailed histogram requests to /tmp/1/7/1/out/detailed_histogram_request2
18:39:55. reqrep_detailed_histograms_alloc() w packet_data_t bytes=16
18:39:55. reqrep_detailed_histograms_alloc() r reply bytes=1
18:39:55. reqrep_detailed_histograms_alloc() w is_complete bytes=4
18:39:55. reqrep_detailed_histograms_alloc() detailed histograms receiving
18:39:55. reqrep_detailed_histograms_alloc() r item->src_nodeid bytes=4
18:39:55. reqrep_detailed_histograms_alloc() w reply bytes=1
18:39:55. reqrep_detailed_histograms_alloc() r item-?array_len bytes=8
18:39:55. reqrep_detailed_histograms_alloc() w reply bytes=1
18:39:55. reqrep_detailed_histograms_alloc() r item->array bytes=12000
18:39:55. reqrep_detailed_histograms_alloc() detailed histograms received from4: expected len:12000
18:39:55. alloc_range_request_analize_histograms() #2 Detailed Histograms received
18:39:55. main() Analize histograms and request detailed histograms OK
18:39:55. main() SOURCE PART N 0:

18:39:55. print_request_data_array() SEQUENCE N:0, dst_pid=7, src_pid=2, findex 0, lindex 332933 

18:39:55. print_request_data_array() SEQUENCE N:1, dst_pid=9, src_pid=4, findex 0, lindex 333144 

18:39:55. print_request_data_array() SEQUENCE N:2, dst_pid=8, src_pid=3, findex 0, lindex 333920 

18:39:55. main() SOURCE PART N 1:

18:39:55. print_request_data_array() SEQUENCE N:0, dst_pid=7, src_pid=2, findex 332934, lindex 667153 

18:39:55. print_request_data_array() SEQUENCE N:1, dst_pid=9, src_pid=4, findex 333145, lindex 666498 

18:39:55. print_request_data_array() SEQUENCE N:2, dst_pid=8, src_pid=3, findex 333921, lindex 666346 

18:39:55. main() SOURCE PART N 2:

18:39:55. print_request_data_array() SEQUENCE N:0, dst_pid=7, src_pid=2, findex 667154, lindex 999999 

18:39:55. print_request_data_array() SEQUENCE N:1, dst_pid=9, src_pid=4, findex 666499, lindex 999999 

18:39:55. print_request_data_array() SEQUENCE N:2, dst_pid=8, src_pid=3, findex 666347, lindex 999999 

18:39:55. main() write_sorted_ranges fdw=14
18:39:55. write_range_request() t.ize=3, t.type=1(EPACKET_SEQUENCE_REQUEST)
18:39:55. write_range_request() w packet_data_t bytes=24
18:39:55. write_range_request() w request_data_t bytes=16
18:39:55. write_range_request() sendseq 7 2 0 332933

18:39:55. write_range_request() w request_data_t bytes=16
18:39:55. write_range_request() sendseq 8 2 332934 667153

18:39:55. write_range_request() w request_data_t bytes=16
18:39:55. write_range_request() sendseq 9 2 667154 999999

18:39:55. main() write_sorted_ranges fdw=16
18:39:55. write_range_request() t.ize=3, t.type=1(EPACKET_SEQUENCE_REQUEST)
18:39:55. write_range_request() w packet_data_t bytes=24
18:39:55. write_range_request() w request_data_t bytes=16
18:39:55. write_range_request() sendseq 7 4 0 333144

18:39:55. write_range_request() w request_data_t bytes=16
18:39:55. write_range_request() sendseq 8 4 333145 666498

18:39:55. write_range_request() w request_data_t bytes=16
18:39:55. write_range_request() sendseq 9 4 666499 999999

18:39:55. main() write_sorted_ranges fdw=15
18:39:55. write_range_request() t.ize=3, t.type=1(EPACKET_SEQUENCE_REQUEST)
18:39:55. write_range_request() w packet_data_t bytes=24
18:39:55. write_range_request() w request_data_t bytes=16
18:39:55. write_range_request() sendseq 7 3 0 333920

18:39:55. write_range_request() w request_data_t bytes=16
18:39:55. write_range_request() sendseq 8 3 333921 666346

18:39:55. write_range_request() w request_data_t bytes=16
18:39:55. write_range_request() sendseq 9 3 666347 999999

18:40:20. main() results[0], nodeid=0, min=0, max=2

18:40:20. main() results[1], nodeid=666347, min=999999, max=3

18:40:20. main() results[2], nodeid=666499, min=999999, max=4

18:40:20. main() Distributed sort complete, Test 0

